ALTER TABLE "attendance_reservations"
ADD COLUMN status int4;

ALTER TABLE "savings"
ADD COLUMN tenant_id text;

ALTER TABLE "transactions"
ADD COLUMN payment_method_id text;

ALTER TABLE "transactions"
ADD COLUMN recipient text;

CREATE SEQUENCE IF NOT EXISTS deposits_id_seq;

CREATE TABLE "public"."deposits" (
    "id" int8 NOT NULL DEFAULT nextval('deposits_id_seq'::regclass),
    "customer_id" text,
    "external_id" text,
    "current_balance" int8,
    "available_balance" int8,
    "status" int8,
    "product_type" text,
    "last_synced_at" timestamp,
    "created_by" int8,
    "updated_by" int8,
    "deleted_by" int8,
    "created_at" timestamp,
    "updated_at" timestamp,
    "deleted_at" timestamp,
    "tenant_id" text,
    PRIMARY KEY ("id")
);

CREATE TABLE "public"."image" (
    "id" text NOT NULL,
    "title" text,
    "name" text,
    "created_by" text,
    "start_at" timestamp,
    "end_at" timestamp,
    "type" text,
    "tenant_id" text,
    "description" text,
    PRIMARY KEY ("id")
);

CREATE SEQUENCE IF NOT EXISTS loan_topup_id_seq;

CREATE TABLE "public"."loan_topup" (
    "id" int8 NOT NULL DEFAULT nextval('loan_topup_id_seq'::regclass),
    "amount" text,
    "loan_id" text,
    "reason" text,
    "status" int8,
    "tenant_id" text,
    "created_by" int8,
    "created_at" timestamp,
    PRIMARY KEY ("id")
);

CREATE SEQUENCE IF NOT EXISTS loans_id_seq;

CREATE TABLE "public"."loans" (
    "id" int8 NOT NULL DEFAULT nextval('loans_id_seq'::regclass),
    "customer_id" text,
    "external_id" text,
    "current_balance" int8,
    "jangkawaktu" int4,
    "available_balance" int8,
    "status" int8,
    "product_type" text,
    "last_synced_at" timestamp,
    "created_by" int8,
    "updated_by" int8,
    "deleted_by" int8,
    "created_at" timestamp,
    "updated_at" timestamp,
    "deleted_at" timestamp,
    "tenant_id" text,
    PRIMARY KEY ("id")
);

CREATE SEQUENCE IF NOT EXISTS migrations_id_seq;

CREATE TABLE "public"."migrations" (
    "id" int4 NOT NULL DEFAULT nextval('migrations_id_seq'::regclass),
    "migration" varchar(255) NOT NULL,
    "batch" int4 NOT NULL,
    PRIMARY KEY ("id")
);

CREATE SEQUENCE IF NOT EXISTS notification_id_seq;

CREATE TABLE "public"."notification" (
    "id" text NOT NULL DEFAULT nextval('notification_id_seq'::regclass),
    "title" text,
    "description" text,
    "type" int4,
    "user_id" text,
    "status" int4,
    "created_at" timestamp,
    "created_by" text,
    "parent" text,
    PRIMARY KEY ("id")
);

CREATE SEQUENCE IF NOT EXISTS personal_access_tokens_id_seq;

CREATE TABLE "public"."personal_access_tokens" (
    "id" int8 NOT NULL DEFAULT nextval('personal_access_tokens_id_seq'::regclass),
    "tokenable_type" varchar(255) NOT NULL,
    "tokenable_id" int8 NOT NULL,
    "name" varchar(255) NOT NULL,
    "token" varchar(64) NOT NULL,
    "abilities" text,
    "last_used_at" timestamp(0),
    "expires_at" timestamp(0),
    "created_at" timestamp(0),
    "updated_at" timestamp(0),
    PRIMARY KEY ("id")
);